FloatingWindowDemo-master_AS/app/build/outputs/logs/manifest-merger-debug-report.txt
-- Merging decision tree log ---
manifest
ADDED from src/main/AndroidManifest.xml:18:1-58:12
	package
		ADDED from src/main/AndroidManifest.xml:19:11-56
		INJECTED from src/main/AndroidManifest.xml
		INJECTED from src/main/AndroidManifest.xml
	android:versionName
		ADDED from src/main/AndroidManifest.xml:21:11-36
		INJECTED from src/main/AndroidManifest.xml
		INJECTED from src/main/AndroidManifest.xml
	xmlns:tools
		ADDED from src/main/AndroidManifest.xml:18:70-116
	android:versionCode
		ADDED from src/main/AndroidManifest.xml:20:11-34
		INJECTED from src/main/AndroidManifest.xml
		INJECTED from src/main/AndroidManifest.xml
	xmlns:android
		ADDED from src/main/AndroidManifest.xml:18:11-69
uses-sdk
ADDED from src/main/AndroidManifest.xml:23:5-25:45
	android:targetSdkVersion
		ADDED from src/main/AndroidManifest.xml:25:13-42
		INJECTED from src/main/AndroidManifest.xml
		INJECTED from src/main/AndroidManifest.xml
	android:minSdkVersion
		ADDED from src/main/AndroidManifest.xml:24:13-39
		INJECTED from src/main/AndroidManifest.xml
		INJECTED from src/main/AndroidManifest.xml
application
ADDED from src/main/AndroidManifest.xml:27:5-56:19
	android:label
		ADDED from src/main/AndroidManifest.xml:27:18-50
	android:icon
		ADDED from src/main/AndroidManifest.xml:27:51-87
activity#com.klinker.android.floating_window.MainActivity
ADDED from src/main/AndroidManifest.xml:29:9-40:20
	android:label
		ADDED from src/main/AndroidManifest.xml:31:19-51
	android:windowSoftInputMode
		ADDED from src/main/AndroidManifest.xml:33:19-79
	android:configChanges
		ADDED from src/main/AndroidManifest.xml:32:19-65
	android:theme
		ADDED from src/main/AndroidManifest.xml:30:19-66
	android:name
		ADDED from src/main/AndroidManifest.xml:29:19-47
intent-filter#android.intent.action.MAIN+android.intent.category.LAUNCHER
ADDED from src/main/AndroidManifest.xml:35:13-38:29
action#android.intent.action.MAIN
ADDED from src/main/AndroidManifest.xml:36:17-68
	android:name
		ADDED from src/main/AndroidManifest.xml:36:25-66
category#android.intent.category.LAUNCHER
ADDED from src/main/AndroidManifest.xml:37:17-76
	android:name
		ADDED from src/main/AndroidManifest.xml:37:27-74
activity#com.klinker.android.floating_window.PopupMainActivity
ADDED from src/main/AndroidManifest.xml:46:9-54:51
	android:clearTaskOnLaunch
		ADDED from src/main/AndroidManifest.xml:52:17-49
	android:label
		ADDED from src/main/AndroidManifest.xml:48:17-49
	android:exported
		ADDED from src/main/AndroidManifest.xml:53:17-40
	android:windowSoftInputMode
		ADDED from src/main/AndroidManifest.xml:51:17-77
	tools:ignore
		ADDED from src/main/AndroidManifest.xml:54:17-48
	android:configChanges
		ADDED from src/main/AndroidManifest.xml:50:17-63
	android:theme
		ADDED from src/main/AndroidManifest.xml:49:17-66
	android:name
		ADDED from src/main/AndroidManifest.xml:47:17-49